<?xml version="1.0" encoding="UTF-8"?>
<!-- Generated by org.testng.reporters.JUnitReportReporter -->
<testsuite hostname="DESKTOP-TTV328B" failures="0" tests="4" name="CITI_Project.CITI_Project_Netflix.NetflixMovieSelectionTest" time="15.075" errors="0" timestamp="2024-10-11T07:55:11 IST" skipped="0">
  <testcase classname="CITI_Project.CITI_Project_Netflix.NetflixMovieSelectionTest" name="addMoviesToMyList" time="3.946"/>
  <system-out/>
  <testcase classname="CITI_Project.CITI_Project_Netflix.NetflixMovieSelectionTest" name="addMoviesToMyList" time="6.067"/>
  <system-out/>
  <testcase classname="CITI_Project.CITI_Project_Netflix.NetflixMovieSelectionTest" name="addMoviesToMyList" time="3.581"/>
  <system-out/>
  <testcase classname="CITI_Project.CITI_Project_Netflix.NetflixMovieSelectionTest" name="verifyMoviesInMyList" time="1.481"/>
  <system-out/>
</testsuite> <!-- CITI_Project.CITI_Project_Netflix.NetflixMovieSelectionTest -->
